[debug] [2022-06-05T19:30:45.533Z] ----------------------------------------------------------------------
[debug] [2022-06-05T19:30:45.534Z] Command:       /opt/homebrew/Cellar/node/17.4.0/bin/node /opt/homebrew/bin/firebase init
[debug] [2022-06-05T19:30:45.534Z] CLI Version:   11.0.1
[debug] [2022-06-05T19:30:45.535Z] Platform:      darwin
[debug] [2022-06-05T19:30:45.535Z] Node Version:  v17.4.0
[debug] [2022-06-05T19:30:45.535Z] Time:          Sun Jun 05 2022 22:30:45 GMT+0300 (GMT+03:00)
[debug] [2022-06-05T19:30:45.535Z] ----------------------------------------------------------------------
[debug] 
[debug] [2022-06-05T19:30:45.565Z] > command requires scopes: ["email","openid","https://www.googleapis.com/auth/cloudplatformprojects.readonly","https://www.googleapis.com/auth/firebase","https://www.googleapis.com/auth/cloud-platform"]
[debug] [2022-06-05T19:30:45.565Z] > authorizing via signed-in user (mhrsl07@gmail.com)
[info] 
     ######## #### ########  ######## ########     ###     ######  ########
     ##        ##  ##     ## ##       ##     ##  ##   ##  ##       ##
     ######    ##  ########  ######   ########  #########  ######  ######
     ##        ##  ##    ##  ##       ##     ## ##     ##       ## ##
     ##       #### ##     ## ######## ########  ##     ##  ######  ########

You're about to initialize a Firebase project in this directory:

  /Users/mahir/mahiruslu

Before we get started, keep in mind:

  * You are initializing within an existing Firebase project directory

[info] 
=== Project Setup
[info] 
[info] First, let's associate this project directory with a Firebase project.
[info] You can create multiple project aliases by running firebase use --add, 
[info] but for now we'll just set up a default project.
[info] 
[debug] [2022-06-05T19:31:14.691Z] Using project from CLI flag: mahiruslu-2bf95
[debug] [2022-06-05T19:31:14.694Z] >>> [apiv2][query] GET https://firebase.googleapis.com/v1beta1/projects/mahiruslu-2bf95 [none]
[debug] [2022-06-05T19:31:15.203Z] <<< [apiv2][status] GET https://firebase.googleapis.com/v1beta1/projects/mahiruslu-2bf95 200
[debug] [2022-06-05T19:31:15.204Z] <<< [apiv2][body] GET https://firebase.googleapis.com/v1beta1/projects/mahiruslu-2bf95 {"projectId":"mahiruslu-2bf95","projectNumber":"1067343299165","displayName":"mahiruslu","name":"projects/mahiruslu-2bf95","resources":{"hostingSite":"mahiruslu-2bf95","realtimeDatabaseInstance":"mahiruslu-2bf95-default-rtdb"},"state":"ACTIVE"}
[info] i  Using project mahiruslu-2bf95 (mahiruslu) 
[info] 
=== Hosting Setup
[info] 
[info] Your public directory is the folder (relative to your project directory) that
[info] will contain Hosting assets to be uploaded with firebase deploy. If you
[info] have a build process for your assets, use your build's output directory.
[info] 
[debug] [2022-06-05T19:31:35.744Z] >>> [apiv2][query] GET https://www.gstatic.com/firebasejs/releases.json [none]
[debug] [2022-06-05T19:31:35.947Z] <<< [apiv2][status] GET https://www.gstatic.com/firebasejs/releases.json 200
[debug] [2022-06-05T19:31:35.948Z] <<< [apiv2][body] GET https://www.gstatic.com/firebasejs/releases.json {"current":{"version":"9.8.2","browserURL":"https://www.gstatic.com/firebasejs/9.8.2/firebase.js","packageURL":"https://www.gstatic.com/firebasejs/9.8.2/firebase.tgz"},"live":{"version":"9.8","browserURL":"https://www.gstatic.com/firebasejs/live/9.8/firebase.js","packageURL":"https://www.gstatic.com/firebasejs/live/9.8/firebase.tgz"},"components":{"analytics":"https://www.gstatic.com/firebasejs/9.8.2/firebase-analytics.js","app":"https://www.gstatic.com/firebasejs/9.8.2/firebase-app.js","app-check":"https://www.gstatic.com/firebasejs/9.8.2/firebase-app-check.js","auth":"https://www.gstatic.com/firebasejs/9.8.2/firebase-auth.js","auth/cordova":"https://www.gstatic.com/firebasejs/9.8.2/firebase-auth/cordova.js","auth/react-native":"https://www.gstatic.com/firebasejs/9.8.2/firebase-auth/react-native.js","functions":"https://www.gstatic.com/firebasejs/9.8.2/firebase-functions.js","firestore":"https://www.gstatic.com/firebasejs/9.8.2/firebase-firestore.js","firestore/lite":"https://www.gstatic.com/firebasejs/9.8.2/firebase-firestore/lite.js","storage":"https://www.gstatic.com/firebasejs/9.8.2/firebase-storage.js","performance":"https://www.gstatic.com/firebasejs/9.8.2/firebase-performance.js","remote-config":"https://www.gstatic.com/firebasejs/9.8.2/firebase-remote-config.js","messaging":"https://www.gstatic.com/firebasejs/9.8.2/firebase-messaging.js","messaging/sw":"https://www.gstatic.com/firebasejs/9.8.2/firebase-messaging/sw.js","database":"https://www.gstatic.com/firebasejs/9.8.2/firebase-database.js","firestore.memory":"https://www.gstatic.com/firebasejs/9.8.2/firebase-firestore.memory.js"}}
[info] i  Skipping write of public/index.html 
[info] 
[info] i  Detected a .git folder at /Users/mahir/mahiruslu 
[info] i  Authorizing with GitHub to upload your service account to a GitHub repository's secrets store. 
[info] 
[info] Visit this URL on this device to log in:
[info] https://github.com/login/oauth/authorize?client_id=89cf50f02ac6aaed3484&state=830449059&redirect_uri=http%3A%2F%2Flocalhost%3A9005&scope=read%3Auser%20repo%20public_repo
[info] 
[info] Waiting for authentication...
[debug] [2022-06-05T19:31:58.400Z] >>> HTTP REQUEST POST https://github.com/login/oauth/access_token  
 {"client_id":"89cf50f02ac6aaed3484","client_secret":"3330d14abc895d9a74d5f17cd7a00711fa2c5bf0","code":"e892e96548bff97f5328","redirect_uri":"http://localhost:9005","state":"830449059"}
[debug] [2022-06-05T19:31:58.808Z] <<< HTTP RESPONSE 200 {"server":"GitHub.com","date":"Sun, 05 Jun 2022 19:31:58 GMT","content-type":"application/json; charset=utf-8","transfer-encoding":"chunked","vary":"X-PJAX, X-PJAX-Container, Turbo-Visit, Turbo-Frame, Accept-Encoding, Accept, X-Requested-With","permissions-policy":"interest-cohort=()","etag":"W/\"6ea7cd19cecc245fbf97a261728868d8\"","cache-control":"max-age=0, private, must-revalidate","strict-transport-security":"max-age=31536000; includeSubdomains; preload","x-frame-options":"deny","x-content-type-options":"nosniff","x-xss-protection":"0","referrer-policy":"origin-when-cross-origin, strict-origin-when-cross-origin","expect-ct":"max-age=2592000, report-uri=\"https://api.github.com/_private/browser/errors\"","content-security-policy":"default-src 'none'; base-uri 'self'; block-all-mixed-content; child-src github.com/assets-cdn/worker/ gist.github.com/assets-cdn/worker/; connect-src 'self' uploads.github.com objects-origin.githubusercontent.com www.githubstatus.com collector.github.com raw.githubusercontent.com api.github.com github-cloud.s3.amazonaws.com github-production-repository-file-5c1aeb.s3.amazonaws.com github-production-upload-manifest-file-7fdce7.s3.amazonaws.com github-production-user-asset-6210df.s3.amazonaws.com cdn.optimizely.com logx.optimizely.com/v1/events *.actions.githubusercontent.com wss://*.actions.githubusercontent.com online.visualstudio.com/api/v1/locations github-production-repository-image-32fea6.s3.amazonaws.com github-production-release-asset-2e65be.s3.amazonaws.com insights.github.com wss://alive.github.com; font-src github.githubassets.com; form-action 'self' github.com gist.github.com objects-origin.githubusercontent.com; frame-ancestors 'none'; frame-src render.githubusercontent.com viewscreen.githubusercontent.com notebooks.githubusercontent.com; img-src 'self' data: github.githubassets.com identicons.github.com github-cloud.s3.amazonaws.com secured-user-images.githubusercontent.com/ github-production-user-asset-6210df.s3.amazonaws.com *.githubusercontent.com; manifest-src 'self'; media-src github.com user-images.githubusercontent.com/; script-src github.githubassets.com; style-src 'unsafe-inline' github.githubassets.com; worker-src github.com/assets-cdn/worker/ gist.github.com/assets-cdn/worker/","x-github-request-id":"F90D:C225:23AD70:25E07D:629D04AE"}
[debug] [2022-06-05T19:31:58.816Z] >>> [apiv2][query] GET https://api.github.com/user [none]
[debug] [2022-06-05T19:31:59.278Z] <<< [apiv2][status] GET https://api.github.com/user 200
[debug] [2022-06-05T19:31:59.278Z] <<< [apiv2][body] GET https://api.github.com/user {"login":"mahiruslu","id":23373520,"node_id":"MDQ6VXNlcjIzMzczNTIw","avatar_url":"https://avatars.githubusercontent.com/u/23373520?v=4","gravatar_id":"","url":"https://api.github.com/users/mahiruslu","html_url":"https://github.com/mahiruslu","followers_url":"https://api.github.com/users/mahiruslu/followers","following_url":"https://api.github.com/users/mahiruslu/following{/other_user}","gists_url":"https://api.github.com/users/mahiruslu/gists{/gist_id}","starred_url":"https://api.github.com/users/mahiruslu/starred{/owner}{/repo}","subscriptions_url":"https://api.github.com/users/mahiruslu/subscriptions","organizations_url":"https://api.github.com/users/mahiruslu/orgs","repos_url":"https://api.github.com/users/mahiruslu/repos","events_url":"https://api.github.com/users/mahiruslu/events{/privacy}","received_events_url":"https://api.github.com/users/mahiruslu/received_events","type":"User","site_admin":false,"name":"Mahir","company":null,"blog":"","location":null,"email":"mhrsl07@gmail.com","hireable":true,"bio":null,"twitter_username":null,"public_repos":24,"public_gists":0,"followers":21,"following":30,"created_at":"2016-11-10T05:57:37Z","updated_at":"2022-06-01T06:26:01Z","private_gists":7,"total_private_repos":6,"owned_private_repos":6,"disk_usage":59176,"collaborators":0,"two_factor_authentication":false,"plan":{"name":"free","space":976562499,"collaborators":0,"private_repos":10000}}
[info] 
[info] ✔  Success! Logged into GitHub as mahiruslu 
[info] 
